action: GLOB, msg: packaging
cwd: C:\Users\oussama.batata\DataspellProjects\formation_ml_project\_3_service_api_model_code
cmd: 'c:\users\oussama.batata\appdata\local\continuum\anaconda3\python.exe' setup.py sdist --formats=zip --dist-dir '.tox\dist'
running sdist
running egg_info
writing heart_disease_classification.egg-info\PKG-INFO
writing dependency_links to heart_disease_classification.egg-info\dependency_links.txt
writing top-level names to heart_disease_classification.egg-info\top_level.txt
reading manifest file 'heart_disease_classification.egg-info\SOURCES.txt'
writing manifest file 'heart_disease_classification.egg-info\SOURCES.txt'
warning: sdist: standard file not found: should have one of README, README.rst, README.txt, README.md

running check
warning: check: missing required meta-data: url

warning: check: missing meta-data: either (author and author_email) or (maintainer and maintainer_email) must be supplied

creating heart_disease_classification-1.0.0
creating heart_disease_classification-1.0.0\heart_disease_classification.egg-info
copying files to heart_disease_classification-1.0.0...
copying setup.py -> heart_disease_classification-1.0.0
copying heart_disease_classification.egg-info\PKG-INFO -> heart_disease_classification-1.0.0\heart_disease_classification.egg-info
copying heart_disease_classification.egg-info\SOURCES.txt -> heart_disease_classification-1.0.0\heart_disease_classification.egg-info
copying heart_disease_classification.egg-info\dependency_links.txt -> heart_disease_classification-1.0.0\heart_disease_classification.egg-info
copying heart_disease_classification.egg-info\top_level.txt -> heart_disease_classification-1.0.0\heart_disease_classification.egg-info
Writing heart_disease_classification-1.0.0\setup.cfg
creating '.tox\dist\heart_disease_classification-1.0.0.zip' and adding 'heart_disease_classification-1.0.0' to it
adding 'heart_disease_classification-1.0.0'
adding 'heart_disease_classification-1.0.0\heart_disease_classification.egg-info'
adding 'heart_disease_classification-1.0.0\PKG-INFO'
adding 'heart_disease_classification-1.0.0\setup.cfg'
adding 'heart_disease_classification-1.0.0\setup.py'
adding 'heart_disease_classification-1.0.0\heart_disease_classification.egg-info\dependency_links.txt'
adding 'heart_disease_classification-1.0.0\heart_disease_classification.egg-info\PKG-INFO'
adding 'heart_disease_classification-1.0.0\heart_disease_classification.egg-info\SOURCES.txt'
adding 'heart_disease_classification-1.0.0\heart_disease_classification.egg-info\top_level.txt'
removing 'heart_disease_classification-1.0.0' (and everything under it)
